,number,value,datetime_start,datetime_complete,duration,params_input_scaling,params_leaking_rate,params_ridge,params_spectral_radius,user_attrs_n_folds,user_attrs_n_inits,user_attrs_seeds,user_attrs_top10_accuracy,state
0,0,0.023936896978861446,2023-02-05 16:22:36,2023-02-05 16:28:04,0 days 00:05:28,31.871365494214587,0.35827878348881276,0.0008283816128361322,0.34057909631112715,3.0,1.0,[69065],0.16072621419753672,COMPLETE
1,1,0.020593077418057354,2023-02-05 16:28:04,2023-02-05 16:33:42,0 days 00:05:38,0.0009235426978102808,0.00022903648906658658,1.5184848179468492e-08,0.019865303378309888,3.0,1.0,[69065],0.12714299082569677,COMPLETE
2,2,0.023780993267876246,2023-02-05 16:33:42,2023-02-05 16:39:12,0 days 00:05:30,0.0015310656163406518,0.2518451096021912,6.585688079197692e-07,0.0011611642946959195,3.0,1.0,[69065],0.15866714736288604,COMPLETE
3,3,0.027024991427859666,2023-02-05 16:39:12,2023-02-05 16:44:32,0 days 00:05:20,0.00012538070234829052,5.523847098093297e-06,4.4838437318404905e-05,0.6716994172227275,3.0,1.0,[69065],0.17813823782617308,COMPLETE
4,4,0.02200357409553594,2023-02-05 16:44:32,2023-02-05 16:49:50,0 days 00:05:18,41.72317330600238,0.03927451416949232,4.473128570818584e-05,1.3511649035660305,3.0,1.0,[69065],0.14713830791833837,COMPLETE
5,5,0.02074476684370614,2023-02-05 16:49:50,2023-02-05 16:55:26,0 days 00:05:36,5.299069161214692,0.0008526595131296257,1.4234638856589082e-06,0.0002647692032524474,3.0,1.0,[69065],0.13171641165744355,COMPLETE
6,6,0.02039017677197347,2023-02-05 16:55:26,2023-02-05 17:00:51,0 days 00:05:25,54.787497390443484,0.00017113828307002937,2.1851036514106376e-05,0.0021239775291299156,3.0,1.0,[69065],0.12106951542712613,COMPLETE
7,7,0.022567573699039653,2023-02-05 17:00:51,2023-02-05 17:06:18,0 days 00:05:27,0.6712849791443555,0.018662938786880422,6.041600484574095e-07,51.834002972955645,3.0,1.0,[69065],0.14238405586674938,COMPLETE
8,8,0.008217979307254106,2023-02-05 17:06:18,2023-02-05 17:11:56,0 days 00:05:38,2.528452503779895,4.066177315003209e-05,0.006388574608735436,14.702429376168428,3.0,1.0,[69065],0.09287522568333585,COMPLETE
9,9,0.021941877963900996,2023-02-05 17:11:56,2023-02-05 17:17:27,0 days 00:05:31,19.145486648793593,0.04035688379069179,1.8117541903413515e-08,2.9464149232875037,3.0,1.0,[69065],0.1472122113534184,COMPLETE
10,10,0.02222236287094498,2023-02-05 17:17:27,2023-02-05 17:22:59,0 days 00:05:32,0.011317052927093806,0.061482401796067794,4.0366858693406306e-07,0.1724035825583731,3.0,1.0,[69065],0.1492253733141363,COMPLETE
11,11,0.018067791717131052,2023-02-05 17:22:59,2023-02-05 17:28:36,0 days 00:05:37,0.20513427876295745,1.2409518407661182e-05,0.0010742395610695782,0.04897220362008337,3.0,1.0,[69065],0.11983978400804884,COMPLETE
12,12,0.020338142660378103,2023-02-05 17:28:36,2023-02-05 17:34:13,0 days 00:05:37,0.18215927662339187,0.0007595071677830258,0.0015965822922800166,0.28427000093566435,3.0,1.0,[69065],0.132816509027031,COMPLETE
13,13,0.021531851737913072,2023-02-05 17:34:13,2023-02-05 17:39:58,0 days 00:05:45,0.3999446104033556,0.002383444169453065,6.618602886177547e-07,0.2946427675073775,3.0,1.0,[69065],0.13772725282254072,COMPLETE
14,14,0.022563925410193236,2023-02-05 17:39:58,2023-02-05 17:45:25,0 days 00:05:27,0.0015758241213350795,0.013611598356405366,0.0011899386802926007,0.01749582833953792,3.0,1.0,[69065],0.14807710501411764,COMPLETE
15,15,0.013594227041672721,2023-02-05 17:45:25,2023-02-05 17:51:03,0 days 00:05:38,0.6663849454964772,5.73038065666172e-06,7.951144950630428e-06,9.28942340241003,3.0,1.0,[69065],0.09648729001491398,COMPLETE
16,16,0.01887789212578096,2023-02-05 17:51:03,2023-02-05 17:56:34,0 days 00:05:31,0.0882575081287143,0.0004077151111544006,0.008639131267439799,0.19401709791912553,3.0,1.0,[69065],0.1262834759803476,COMPLETE
17,17,0.018814169084844887,2023-02-05 17:56:34,2023-02-05 18:02:10,0 days 00:05:36,5.130892093629565,7.51190862775417e-06,8.536118912612816e-07,0.6369095660943174,3.0,1.0,[69065],0.12049630384991655,COMPLETE
18,18,0.02266885201949004,2023-02-05 18:02:10,2023-02-05 18:07:35,0 days 00:05:25,0.000509649469563124,3.216705667542778e-05,4.8583833435061456e-05,0.00011837254772277898,3.0,1.0,[69065],0.1562259349905956,COMPLETE
19,19,0.020426725621878587,2023-02-05 18:07:35,2023-02-05 18:13:01,0 days 00:05:26,13.378859979333217,0.0002593040478033944,1.623165341197308e-08,0.13108064438724115,3.0,1.0,[69065],0.12355508494581659,COMPLETE
20,20,0.02698456830461984,2023-02-05 18:13:01,2023-02-05 18:18:29,0 days 00:05:28,0.015483777880816712,0.6705611715307761,2.3388529934654472e-07,40.06417428314426,3.0,1.0,[69065],0.17675839044281547,COMPLETE
21,21,0.02150619155421635,2023-02-05 18:18:29,2023-02-05 18:24:00,0 days 00:05:31,0.07612664320942204,0.0037868706689594958,3.687471729149869e-07,0.10661886738649123,3.0,1.0,[69065],0.13874598645891775,COMPLETE
22,22,0.02104416049996335,2023-02-05 18:24:00,2023-02-05 18:29:35,0 days 00:05:35,0.8925461454033887,0.0005908404821143175,0.00018850138996478216,0.3707846631098764,3.0,1.0,[69065],0.13045983925613905,COMPLETE
23,23,0.020689350359566688,2023-02-05 18:29:35,2023-02-05 18:34:58,0 days 00:05:23,48.372076919536234,0.0008640356534564903,5.0581272612227105e-08,0.008023140842642544,3.0,1.0,[69065],0.1318225829561733,COMPLETE
24,24,0.021885019941274998,2023-02-05 18:34:58,2023-02-05 18:40:34,0 days 00:05:36,0.3566230798617809,0.04502916198832477,8.007730053731845e-06,3.4617601043637727,3.0,1.0,[69065],0.1464724781958726,COMPLETE
25,25,0.02048924952522885,2023-02-05 18:40:34,2023-02-05 18:45:59,0 days 00:05:25,0.000611773180367933,3.69542243813635e-05,7.378493307220691e-06,0.04173871365797164,3.0,1.0,[69065],0.13528662596896043,COMPLETE
26,26,0.01690932143020974,2023-02-05 18:45:59,2023-02-05 18:51:16,0 days 00:05:17,70.24220587685981,2.7185467212477998e-06,0.008522103509548538,0.0006776044661309181,3.0,1.0,[69065],0.12028906350302108,COMPLETE
27,27,0.021874742971299335,2023-02-05 18:51:16,2023-02-05 18:56:43,0 days 00:05:27,8.541248370545068,0.012471999758047978,0.007539428500372268,0.023172689529258824,3.0,1.0,[69065],0.1432647518773214,COMPLETE
28,28,0.01619825147667146,2023-02-05 18:56:43,2023-02-05 19:02:22,0 days 00:05:39,0.8126459493638202,6.381344524241521e-05,1.453912731638026e-07,13.456632123461421,3.0,1.0,[69065],0.10352321072111587,COMPLETE
29,29,0.0229002558465341,2023-02-05 19:02:22,2023-02-05 19:08:01,0 days 00:05:39,0.018529095294637792,0.05811849111625624,3.209054295096284e-05,4.676616393360525,3.0,1.0,[69065],0.14785019307246533,COMPLETE
30,30,0.023984147702822645,2023-02-05 19:08:01,2023-02-05 19:13:23,0 days 00:05:22,0.01177767281287295,0.4685662019677692,4.7316380589307235e-06,0.23824605073078345,3.0,1.0,[69065],0.15965274572787527,COMPLETE
31,31,0.02149136990011706,2023-02-05 19:13:23,2023-02-05 19:18:59,0 days 00:05:36,6.8046913669675835,0.026911415904971352,0.0007268063681341725,0.019518779942492577,3.0,1.0,[69065],0.14550996988471254,COMPLETE
32,32,0.02257484912766061,2023-02-05 19:18:59,2023-02-05 19:24:40,0 days 00:05:41,0.0005055383625943415,0.003856709793219403,9.666606195231258e-05,0.0015293436787731439,3.0,1.0,[69065],0.14578139160103182,COMPLETE
33,33,0.020558237797688405,2023-02-05 19:24:40,2023-02-05 19:30:13,0 days 00:05:33,0.00831005350814262,1.457871771443885e-06,1.8082770996778688e-08,0.00010113285266999785,3.0,1.0,[69065],0.11080901584579124,COMPLETE
34,34,0.023732303815445045,2023-02-05 19:30:13,2023-02-05 19:35:39,0 days 00:05:26,0.0002630242843189217,0.00010112827213875047,3.714869333230754e-05,0.018078943526209288,3.0,1.0,[69065],0.15957454755224834,COMPLETE
35,35,0.015225723238101624,2023-02-05 19:35:39,2023-02-05 19:41:10,0 days 00:05:31,11.198685205077032,1.9629939133680103e-06,1.6749202269882155e-08,34.262523914710556,3.0,1.0,[69065],0.11556158928223485,COMPLETE
36,36,0.02105184323308743,2023-02-05 19:41:10,2023-02-05 19:46:31,0 days 00:05:21,0.0003088672367235035,0.04104603577926708,0.00021658555860589964,81.64968812715814,3.0,1.0,[69065],0.1420911913578775,COMPLETE
37,37,0.020077590531733854,2023-02-05 19:46:32,2023-02-05 19:52:03,0 days 00:05:31,11.246223511744923,0.00018451674916530894,2.1569560871641377e-05,0.12172606218562661,3.0,1.0,[69065],0.12150882646236001,COMPLETE
38,38,0.012260653531788594,2023-02-05 19:52:03,2023-02-05 19:57:35,0 days 00:05:32,0.0008200233418388067,1.0336160173074805e-05,2.328076329462731e-08,2.931654337099946,3.0,1.0,[69065],0.10190985643517518,COMPLETE
39,39,0.02306484768498333,2023-02-05 19:57:35,2023-02-05 20:03:10,0 days 00:05:35,0.10915105707460414,0.20797937000708613,9.511297154850796e-06,0.07420631764559141,3.0,1.0,[69065],0.1556168667149241,COMPLETE
40,40,0.021749026232765978,2023-02-05 20:03:10,2023-02-05 20:08:40,0 days 00:05:30,0.0025814519040351772,0.000529000452725994,0.003263660868314951,0.00020463137598065255,3.0,1.0,[69065],0.15020587756281992,COMPLETE
41,41,0.020670688004435587,2023-02-05 20:08:40,2023-02-05 20:14:19,0 days 00:05:39,2.629875337169293,0.002682436564653489,0.003119196167179909,0.0008326410849092193,3.0,1.0,[69065],0.13817004265825478,COMPLETE
42,42,0.021132303324135838,2023-02-05 20:14:19,2023-02-05 20:19:55,0 days 00:05:36,1.113777487406543,0.0043489857293299355,1.379977701006863e-07,0.0017923865604679778,3.0,1.0,[69065],0.13923029369747172,COMPLETE
43,43,0.02372198898419385,2023-02-05 20:19:55,2023-02-05 20:25:25,0 days 00:05:30,0.03481177718391144,0.18614830105750269,0.000306097082757803,49.60126491081175,3.0,1.0,[69065],0.16118658334884797,COMPLETE
44,44,0.02114704481881585,2023-02-05 20:25:25,2023-02-05 20:30:51,0 days 00:05:26,0.0006516825496157459,0.0010303093327587603,8.996756415448044e-07,0.05475253779110388,3.0,1.0,[69065],0.1384227260011007,COMPLETE
45,45,0.02468274384503109,2023-02-05 20:30:51,2023-02-05 20:36:26,0 days 00:05:35,0.2312239871737468,0.36381597625126577,5.503657450595138e-05,3.0762564165053794,3.0,1.0,[69065],0.16382075645133617,COMPLETE
46,46,0.023781011163244756,2023-02-05 20:36:26,2023-02-05 20:42:05,0 days 00:05:39,0.3466184202225697,0.5347675652890208,6.670994311936888e-07,0.681307951312022,3.0,1.0,[69065],0.1601523807192975,COMPLETE
47,47,0.020404263237007756,2023-02-05 20:42:05,2023-02-05 20:47:25,0 days 00:05:20,35.888522824426715,0.00034063194470166226,0.00042123652834639416,0.0002597187116284941,3.0,1.0,[69065],0.12502041229293323,COMPLETE
48,48,0.020458302665145547,2023-02-05 20:47:25,2023-02-05 20:52:43,0 days 00:05:18,87.01994472595723,0.0006335573331004003,0.0015634157537698728,0.2994518906022996,3.0,1.0,[69065],0.1292753035515564,COMPLETE
49,49,0.020444712241978902,2023-02-05 20:52:43,2023-02-05 20:58:07,0 days 00:05:24,28.918306645355763,0.00017866886729113677,0.00020662538842431446,0.1272383465635764,3.0,1.0,[69065],0.12096142799290532,COMPLETE
50,50,0.023927384185489856,2023-02-05 20:58:07,2023-02-05 21:03:32,0 days 00:05:25,0.0001979629429583134,0.2706463898645788,1.4712402818435232e-06,0.0006636897447055214,3.0,1.0,[69065],0.15917570607947507,COMPLETE
51,51,0.022129255043332283,2023-02-05 21:03:32,2023-02-05 21:08:54,0 days 00:05:22,62.37477639621525,0.0460146754803569,0.0002206674988299565,0.5307559921889656,3.0,1.0,[69065],0.1480351386002133,COMPLETE
52,52,0.02140897814453877,2023-02-05 21:08:54,2023-02-05 21:14:17,0 days 00:05:23,0.0006118826846711608,0.017891540398658656,1.5464924296067544e-08,0.10496621611985926,3.0,1.0,[69065],0.14307381909169403,COMPLETE
53,53,0.022689013444499005,2023-02-05 21:14:17,2023-02-05 21:19:52,0 days 00:05:35,0.010994441443661422,0.02305199047421545,4.622592037924563e-05,5.272985399079643,3.0,1.0,[69065],0.14251817884371878,COMPLETE
54,54,0.023316660218492127,2023-02-05 21:19:52,2023-02-05 21:25:23,0 days 00:05:31,0.001205742613150024,2.194398927525112e-06,1.3420152057240133e-06,0.3187355286730931,3.0,1.0,[69065],0.1370064806213576,COMPLETE
55,55,0.019518976990464978,2023-02-05 21:25:23,2023-02-05 21:30:55,0 days 00:05:32,0.32253776091519293,0.00021136368890155391,5.299378800765832e-05,0.0011510218388545706,3.0,1.0,[69065],0.12490064879628955,COMPLETE
56,56,0.023025051934910615,2023-02-05 21:30:55,2023-02-05 21:36:21,0 days 00:05:26,8.406346090582284,0.05622026027050176,1.5665348891152412e-05,52.34895051143597,3.0,1.0,[69065],0.14726668884834568,COMPLETE
57,57,0.01638672623730179,2023-02-05 21:36:21,2023-02-05 21:41:56,0 days 00:05:35,0.4979260533509854,1.3866652428596016e-06,2.4968871477233587e-07,0.3536704684126189,3.0,1.0,[69065],0.1186070445402101,COMPLETE
58,58,0.021614433983033855,2023-02-05 21:41:56,2023-02-05 21:47:23,0 days 00:05:27,0.020846867800509136,0.009556113024390946,1.8319368253237065e-08,0.00843286897084867,3.0,1.0,[69065],0.1426062351489609,COMPLETE
59,59,0.028168339388911588,2023-02-05 21:47:23,2023-02-05 21:52:52,0 days 00:05:29,0.0007760178612031081,5.975455810194864e-05,0.002291008137086247,0.05653201800039891,3.0,1.0,[69065],0.17351484794919883,COMPLETE
60,60,0.01688194713642181,2023-02-05 21:52:52,2023-02-05 21:58:26,0 days 00:05:34,0.003278166745787087,0.001014531207349378,4.27704763439747e-06,2.359575207853918,3.0,1.0,[69065],0.10911594213000464,COMPLETE
61,61,0.02345449981207866,2023-02-05 21:58:26,2023-02-05 22:03:48,0 days 00:05:22,95.73432010400417,0.1959830337923235,4.9722116073766703e-05,6.310711184693333,3.0,1.0,[69065],0.15701370582463026,COMPLETE
62,62,,2023-02-05 22:03:48,2023-02-05 22:09:18,0 days 00:05:30,0.00013616365917691858,0.002739043044845443,1.7036928874860042e-05,0.623277407451556,,,,,FAIL
